<?xml version="1.0" encoding="UTF-8"?>
<!-- Generated by org.testng.reporters.JUnitXMLReporter -->
<testsuite ignored="2" hostname="Anee" failures="0" tests="1" name="Default test" time="13.279" errors="0" timestamp="2025-01-07T20:06:38 IST">
  <testcase classname="practice.ActionLearning" name="Amazon" time="6.677"/>
  <testcase classname="practice.ActionLearning" name="ActionCase1" time="0.0">
    <ignored/>
  </testcase> <!-- ActionCase1 -->
  <testcase classname="practice.ActionLearning" name="ActionCase2" time="0.0">
    <ignored/>
  </testcase> <!-- ActionCase2 -->
</testsuite> <!-- Default test -->
